  Source1cpp.cpp
C:\Users\Alex\source\repos\komiv\komiv\graph.h(471,20): warning C4018: <: несоответствие типов со знаком и без знака
C:\Users\Alex\source\repos\komiv\komiv\graph.h(539,20): warning C4018: <: несоответствие типов со знаком и без знака
C:\Users\Alex\source\repos\komiv\komiv\graph.h(672,8): warning C4101: length: неиспользованная локальная переменная
C:\Users\Alex\source\repos\komiv\komiv\graph.h(671,8): warning C4101: second: неиспользованная локальная переменная
C:\Users\Alex\source\repos\komiv\komiv\graph.h(149,22): warning C4018: <: несоответствие типов со знаком и без знака
C:\Users\Alex\source\repos\komiv\komiv\graph.h(136): message : во время компиляции функции-члена класс шаблон "void Graph<int>::Matrix_Output(void)"
C:\Users\Alex\source\repos\komiv\komiv\graph.h(688): message : выполняется компиляция ссылки на экземпляр шаблон функции "void Graph<int>::Matrix_Output(void)"
C:\Users\Alex\source\repos\komiv\komiv\graph.h(180): message : выполняется компиляция ссылки на экземпляр класс шаблон функции "Graph<int>"
C:\Users\Alex\source\repos\komiv\komiv\graph.h(156,22): warning C4018: <: несоответствие типов со знаком и без знака
C:\Users\Alex\source\repos\komiv\komiv\graph.h(160,23): warning C4018: <: несоответствие типов со знаком и без знака
C:\Users\Alex\source\repos\komiv\komiv\graph.h(86,21): warning C4018: <: несоответствие типов со знаком и без знака
C:\Users\Alex\source\repos\komiv\komiv\graph.h(84): message : во время компиляции функции-члена класс шаблон "int Graph<int>::Number(const T &)"
          with
          [
              T=int
          ]
C:\Users\Alex\source\repos\komiv\komiv\graph.h(101): message : выполняется компиляция ссылки на экземпляр шаблон функции "int Graph<int>::Number(const T &)"
          with
          [
              T=int
          ]
C:\Users\Alex\source\repos\komiv\komiv\graph.h(503,20): warning C4018: <: несоответствие типов со знаком и без знака
C:\Users\Alex\source\repos\komiv\komiv\graph.h(502): message : во время компиляции функции-члена класс шаблон "void Graph<int>::Graph_Output(void)"
C:\Users\Alex\source\repos\komiv\komiv\graph.h(721): message : выполняется компиляция ссылки на экземпляр шаблон функции "void Graph<int>::Graph_Output(void)"
C:\Users\Alex\source\repos\komiv\komiv\graph.h(508,20): warning C4018: <: несоответствие типов со знаком и без знака
C:\Users\Alex\source\repos\komiv\komiv\graph.h(510,25): warning C4018: <: несоответствие типов со знаком и без знака
  komiv.vcxproj -> C:\Users\Alex\source\repos\komiv\Debug\komiv.exe
